\BOOKMARK [1][-]{section.1}{Introduction}{}% 1
\BOOKMARK [2][-]{subsection.1.1}{Scope}{section.1}% 2
\BOOKMARK [2][-]{subsection.1.2}{Out of scope}{section.1}% 3
\BOOKMARK [2][-]{subsection.1.3}{Project History}{section.1}% 4
\BOOKMARK [1][-]{section.2}{GNU CGEN}{}% 5
\BOOKMARK [2][-]{subsection.2.1}{Introduction to CGEN}{section.2}% 6
\BOOKMARK [2][-]{subsection.2.2}{CGEN RTL classes}{section.2}% 7
\BOOKMARK [3][-]{subsubsection.2.2.1}{CGEN's object system - cos.scm}{subsection.2.2}% 8
\BOOKMARK [3][-]{subsubsection.2.2.2}{Arch - mach.scm}{subsection.2.2}% 9
\BOOKMARK [3][-]{subsubsection.2.2.3}{Hardware - hardware.scm}{subsection.2.2}% 10
\BOOKMARK [3][-]{subsubsection.2.2.4}{Instruction - insn.scm}{subsection.2.2}% 11
\BOOKMARK [3][-]{subsubsection.2.2.5}{Ident - a common base class}{subsection.2.2}% 12
\BOOKMARK [2][-]{subsection.2.3}{Code Analysis}{section.2}% 13
\BOOKMARK [3][-]{subsubsection.2.3.1}{Entry Point}{subsection.2.3}% 14
\BOOKMARK [3][-]{subsubsection.2.3.2}{RTL-C Generator}{subsection.2.3}% 15
\BOOKMARK [2][-]{subsection.2.4}{Conclusions}{section.2}% 16
\BOOKMARK [1][-]{section.3}{CGEN LLVM-IR}{}% 17
\BOOKMARK [2][-]{subsection.3.1}{Introduction to CGEN LLVM-IR}{section.3}% 18
\BOOKMARK [2][-]{subsection.3.2}{CGEN LLVM-IR components}{section.3}% 19
\BOOKMARK [2][-]{subsection.3.3}{Translators design}{section.3}% 20
\BOOKMARK [2][-]{subsection.3.4}{CGEN-IR commons}{section.3}% 21
\BOOKMARK [2][-]{subsection.3.5}{Where to go from here?}{section.3}% 22
